To https://github.com/Kaydeep0/musk-empire-dossier.git
 ! [rejected]        main -> main (fetch first)
error: failed to push some refs to 'https://github.com/Kaydeep0/musk-empire-dossier.git'
hint: Updates were rejected because the remote contains work that you do not
hint: have locally. This is usually caused by another repository pushing to
hint: the same ref. If you want to integrate the remote changes, use
hint: 'git pull' before pushing again.
hint: See the 'Note about fast-forwards' in 'git push --help' for details.
To https://github.com/Kaydeep0/musk-empire-dossier.git
 ! [rejected]        main -> main (fetch first)
error: failed to push some refs to 'https://github.com/Kaydeep0/musk-empire-dossier.git'
hint: Updates were rejected because the remote contains work that you do not
hint: have locally. This is usually caused by another repository pushing to
hint: the same ref. If you want to integrate the remote changes, use
hint: 'git pull' before pushing again.
hint: See the 'Note about fast-forwards' in 'git push --help' for details.
To https://github.com/Kaydeep0/musk-empire-dossier.git
 ! [rejected]        main -> main (fetch first)
error: failed to push some refs to 'https://github.com/Kaydeep0/musk-empire-dossier.git'
hint: Updates were rejected because the remote contains work that you do not
hint: have locally. This is usually caused by another repository pushing to
hint: the same ref. If you want to integrate the remote changes, use
hint: 'git pull' before pushing again.
hint: See the 'Note about fast-forwards' in 'git push --help' for details.
Traceback (most recent call last):
  File "/Users/kiran/Desktop/Company Dossiers /Elon Musk/build/empire_memory.py", line 723, in <module>
    sys.exit(main())
             ^^^^^^
  File "/Users/kiran/Desktop/Company Dossiers /Elon Musk/build/empire_memory.py", line 716, in main
    cmd_synthesize(state)
  File "/Users/kiran/Desktop/Company Dossiers /Elon Musk/build/empire_memory.py", line 669, in cmd_synthesize
    patterns = detect_patterns(events, canon)
               ^^^^^^^^^^^^^^^^^^^^^^^^^^^^^^
  File "/Users/kiran/Desktop/Company Dossiers /Elon Musk/build/empire_memory.py", line 480, in detect_patterns
    upcoming.sort()
TypeError: '<' not supported between instances of 'dict' and 'dict'
